<?xml version="1.0" encoding="UTF-8"?>
<!-- Generated by org.testng.reporters.JUnitReportReporter -->
<testsuite hostname="LAPTOP-NMHLPV29" failures="0" tests="2" name="com.mystore.testcases.Tc_MyaccountPageTest" time="11.066" errors="0" timestamp="2024-11-12T16:43:21 IST" skipped="1">
  <testcase classname="com.mystore.testcases.Tc_MyaccountPageTest" name="VerifyLoging" time="11.066"/>
  <system-out/>
  <testcase classname="com.mystore.testcases.Tc_MyaccountPageTest" name="VerifyLogin">
    <skipped/>
  </testcase> <!-- VerifyLogin -->
  <system-out/>
</testsuite> <!-- com.mystore.testcases.Tc_MyaccountPageTest -->
