<?xml version="1.0" encoding="UTF-8"?>
<!-- Generated by org.testng.reporters.JUnitReportReporter -->
<testsuite hostname="LAPTOP-NMHLPV29" failures="0" tests="1" name="com.mystore.testcases.Tc_ProductPageTest" time="24.132" errors="0" timestamp="2024-11-12T16:43:21 IST" skipped="0">
  <testcase classname="com.mystore.testcases.Tc_ProductPageTest" name="Productpage" time="24.132"/>
  <system-out/>
</testsuite> <!-- com.mystore.testcases.Tc_ProductPageTest -->
