<?xml version="1.0" encoding="UTF-8"?>
<!-- Generated by org.testng.reporters.JUnitReportReporter -->
<testsuite hostname="LAPTOP-NMHLPV29" failures="0" tests="2" name="com.mystore.testcases.Tc_MyaccountPageTest" time="20.120" errors="0" timestamp="2024-12-24T16:07:55 IST" skipped="1">
  <testcase classname="com.mystore.testcases.Tc_MyaccountPageTest" name="VerifyLoging" time="20.120"/>
  <system-out/>
  <testcase classname="com.mystore.testcases.Tc_MyaccountPageTest" name="VerifyLogin">
    <skipped/>
  </testcase> <!-- VerifyLogin -->
  <system-out/>
</testsuite> <!-- com.mystore.testcases.Tc_MyaccountPageTest -->
